<?xml version="1.0" encoding="UTF-8"?>
<!-- Generated by org.testng.reporters.JUnitReportReporter -->
<testsuite hostname="DESKTOP-939EFKJ" failures="0" tests="3" name="tuanTT.testASP.watchVideo" time="30.331" errors="0" timestamp="2023-05-19T11:57:23 ICT" skipped="0">
  <testcase classname="tuanTT.testASP.watchVideo" name="test3" time="9.525"/>
  <system-out/>
  <testcase classname="tuanTT.testASP.watchVideo" name="test1" time="9.461"/>
  <system-out/>
  <testcase classname="tuanTT.testASP.watchVideo" name="test2" time="11.345"/>
  <system-out/>
</testsuite> <!-- tuanTT.testASP.watchVideo -->
