<?xml version="1.0" encoding="UTF-8"?>
<!-- Generated by org.testng.reporters.JUnitReportReporter -->
<testsuite hostname="DESKTOP-939EFKJ" failures="0" tests="1" name="tuanTT.testASP.CommentVideo" time="0.182" errors="0" timestamp="2023-05-19T11:57:23 ICT" skipped="0">
  <testcase classname="tuanTT.testASP.CommentVideo" name="test1" time="0.182"/>
  <system-out/>
</testsuite> <!-- tuanTT.testASP.CommentVideo -->
